TRACE::2025-10-04.16:24:20::SCWBifWriter::Found the complete platform D:/fpga/Embedded_Vitis/ps_pl_bram/vitis/system_wrapper/export/system_wrapper/system_wrapper.xpfm
TRACE::2025-10-04.16:24:20::SCWBifWriter::hardware databse : system_wrapper_0
TRACE::2025-10-04.16:24:20::SCWBifWriter::bitstream found in the design
TRACE::2025-10-04.16:24:20::SCWBifWriter::Found a baremetal domain, proc: ps7_cortexa9_0
TRACE::2025-10-04.16:24:20::SCWBifWriter::proc type : 
TRACE::2025-10-04.16:24:20::SCWBifWriter::proc[0] : ps7_cortexa9_0
TRACE::2025-10-04.16:24:20::SCWBifWriter::Device type is : zynq
TRACE::2025-10-04.16:24:20::SCWBifWriter::Writing BIF to file : D:/fpga/Embedded_Vitis/ps_pl_bram/vitis/ps_pl_bram_system/Debug/system.bif
TRACE::2025-10-04.16:24:20::SCWBifWriter::Writing the Zynq Baremetal bif 
TRACE::2025-10-04.16:39:38::SCWBifWriter::Found the complete platform D:/fpga/Embedded_Vitis/ps_pl_bram/vitis/system_wrapper/export/system_wrapper/system_wrapper.xpfm
TRACE::2025-10-04.16:39:38::SCWBifWriter::hardware databse : system_wrapper_0
TRACE::2025-10-04.16:39:38::SCWBifWriter::bitstream found in the design
TRACE::2025-10-04.16:39:38::SCWBifWriter::Found a baremetal domain, proc: ps7_cortexa9_0
TRACE::2025-10-04.16:39:38::SCWBifWriter::proc type : 
TRACE::2025-10-04.16:39:38::SCWBifWriter::proc[0] : ps7_cortexa9_0
TRACE::2025-10-04.16:39:38::SCWBifWriter::Device type is : zynq
TRACE::2025-10-04.16:39:38::SCWBifWriter::Writing BIF to file : D:/fpga/Embedded_Vitis/ps_pl_bram/vitis/ps_pl_bram_system/Debug/system.bif
TRACE::2025-10-04.16:39:38::SCWBifWriter::Writing the Zynq Baremetal bif 
TRACE::2025-10-04.16:55:51::SCWBifWriter::Found the complete platform D:/fpga/Embedded_Vitis/ps_pl_bram/vitis/system_wrapper/export/system_wrapper/system_wrapper.xpfm
TRACE::2025-10-04.16:55:51::SCWBifWriter::hardware databse : system_wrapper_0
TRACE::2025-10-04.16:55:51::SCWBifWriter::bitstream found in the design
TRACE::2025-10-04.16:55:51::SCWBifWriter::Found a baremetal domain, proc: ps7_cortexa9_0
TRACE::2025-10-04.16:55:51::SCWBifWriter::proc type : 
TRACE::2025-10-04.16:55:51::SCWBifWriter::proc[0] : ps7_cortexa9_0
TRACE::2025-10-04.16:55:51::SCWBifWriter::Device type is : zynq
TRACE::2025-10-04.16:55:51::SCWBifWriter::Writing BIF to file : D:/fpga/Embedded_Vitis/ps_pl_bram/vitis/ps_pl_bram_system/Debug/system.bif
TRACE::2025-10-04.16:55:51::SCWBifWriter::Writing the Zynq Baremetal bif 
